GENCODE genes parsed (main chroms): 63150
  protein_coding: 20036 | lncRNA: 19370
paralogous TFs to place: 1558  | families (fine): 59
mapped to GENCODE: 1556  (by ensembl_id 1555, by symbol 1) | unmapped: 2
  unmapped written to intermediate/unmapped_members.tsv: DUX1, DUX3 

=== Part 3 result ===
clusters (>=2 members): 134
clustered members: 507
singleton members: 1049
check: clustered + singleton = 1556 (mapped members = 1556)
clusters with >=1 lncRNA between members: 88

families contributing the most clusters:
    KRAB-ZNF             52 clusters
    C2H2 ZF (other)      23 clusters
    Homeodomain          21 clusters
    SCAN-ZNF             6 clusters
    bHLH                 5 clusters
    Ets                  4 clusters
    BTB-ZNF              4 clusters
    Nuclear receptor     3 clusters
    bZIP                 3 clusters
    Forkhead             3 clusters
