[05b] resolved 3/3 genes: BCL6=ENSG00000113916, IRF1=ENSG00000125347, KLF2=ENSG00000127528
[05b] querying orthologs in scerevisiae ...
[05b] querying orthologs in celegans ...
[05b] querying orthologs in dmelanogaster ...
[05b] querying orthologs in cintestinalis ...
[05b] querying orthologs in csavignyi ...
[05b] querying orthologs in eburgeri ...
[05b] querying orthologs in pmarinus ...
[05b] querying orthologs in cmilii ...
[05b] querying orthologs in lchalumnae ...
[05b] querying orthologs in drerio ...
[05b] querying orthologs in xtropicalis ...
[05b] querying orthologs in ggallus ...
[05b] querying orthologs in mmusculus ...
[05b] wrote /mnt/alvand/golnaz/vibe-coding/paralogous_TFs/iteration15_06.29.2026/results/intermediate/gene_origin_orthologs.tsv (54 rows)
[05b] wrote /mnt/alvand/golnaz/vibe-coding/paralogous_TFs/iteration15_06.29.2026/results/TF_gene_origin_age_2R.tsv
gene    dup_class4        origin_window_label deepest_ortholog_species  invertebrate_ortholog  cyclostome_ortholog youngest_paralog_node
BCL6 dispersed_SSD before R1 (pre-2R ancient)            cintestinalis                   True                False             Bilateria
IRF1 dispersed_SSD before R1 (pre-2R ancient)            cintestinalis                   True                False              Chordata
KLF2 dispersed_SSD before R1 (pre-2R ancient)            dmelanogaster                   True                 True             Bilateria
[05b] wrote /mnt/alvand/golnaz/vibe-coding/paralogous_TFs/iteration15_06.29.2026/results/figures/TF_gene_origin_age_2R.pdf/.png
