[05d] 4-group catalog: 1153 TFs
[05d] resolved 1153/1153 TFs to Ensembl IDs
[05d] querying orthologs in scerevisiae (1153 ids, 5 chunks) ...
[05d]   scerevisiae: 76 TFs with an ortholog
[05d] querying orthologs in celegans (1153 ids, 5 chunks) ...
[05d]   celegans: 468 TFs with an ortholog
[05d] querying orthologs in dmelanogaster (1153 ids, 5 chunks) ...
[05d]   dmelanogaster: 608 TFs with an ortholog
[05d] querying orthologs in cintestinalis (1153 ids, 5 chunks) ...
[05d]   cintestinalis: 502 TFs with an ortholog
[05d] querying orthologs in csavignyi (1153 ids, 5 chunks) ...
[05d]   csavignyi: 141 TFs with an ortholog
[05d] querying orthologs in eburgeri (1153 ids, 5 chunks) ...
[05d]   eburgeri: 577 TFs with an ortholog
[05d] querying orthologs in pmarinus (1153 ids, 5 chunks) ...
[05d]   pmarinus: 348 TFs with an ortholog
[05d] querying orthologs in cmilii (1153 ids, 5 chunks) ...
[05d]   cmilii: 785 TFs with an ortholog
[05d] querying orthologs in lchalumnae (1153 ids, 5 chunks) ...
[05d]   lchalumnae: 303 TFs with an ortholog
[05d] querying orthologs in drerio (1153 ids, 5 chunks) ...
[05d]   drerio: 868 TFs with an ortholog
[05d] querying orthologs in xtropicalis (1153 ids, 5 chunks) ...
[05d]   xtropicalis: 894 TFs with an ortholog
[05d] querying orthologs in ggallus (1153 ids, 5 chunks) ...
[05d]   ggallus: 858 TFs with an ortholog
[05d] querying orthologs in mmusculus (1153 ids, 5 chunks) ...
[05d]   mmusculus: 1069 TFs with an ortholog
[05d] wrote /mnt/alvand/golnaz/vibe-coding/paralogous_TFs/iteration15_06.29.2026/results/intermediate/gene_origin_orthologs.full.tsv (13804 rows)
[05d] wrote /mnt/alvand/golnaz/vibe-coding/paralogous_TFs/iteration15_06.29.2026/results/TF_gene_origin_age_2R.full.tsv
[05d] wrote /mnt/alvand/golnaz/vibe-coding/paralogous_TFs/iteration15_06.29.2026/results/TF_gene_origin_age_by_category.tsv
[05d] origin-window x category counts:
origin_window          before_R1  R1_to_R2  after_R2  human_only
dup_class4                                                      
dispersed_ohnolog            378        72        69           5
clustered_cis_ohnolog         63        25        13           5
clustered_SSD_tandem          38         4        22           9
dispersed_SSD                266        60       105          19
[05d] chi-square origin-window x category (3 resolved windows): chi2=41.60, dof=6, p=2.20e-07
[05d] wrote /mnt/alvand/golnaz/vibe-coding/paralogous_TFs/iteration15_06.29.2026/results/figures/TF_gene_origin_age_by_category.pdf/.png
